[2023-02-14 09:33:50:1104][Catalina-utility-2] ERROR o.s.web.servlet.DispatcherServlet - Context initialization failed
org.springframework.beans.factory.BeanDefinitionStoreException: Failed to read candidate component class: file [D:\study-workspace\.metadata\.plugins\org.eclipse.wst.server.core\tmp1\wtpwebapps\boardstudy\WEB-INF\classes\com\study\dao\GBoardDAOImpl.class]; nested exception is java.io.FileNotFoundException: D:\study-workspace\.metadata\.plugins\org.eclipse.wst.server.core\tmp1\wtpwebapps\boardstudy\WEB-INF\classes\com\study\dao\GBoardDAOImpl.class
	at org.springframework.context.annotation.ClassPathScanningCandidateComponentProvider.scanCandidateComponents(ClassPathScanningCandidateComponentProvider.java:454)
	at org.springframework.context.annotation.ClassPathScanningCandidateComponentProvider.findCandidateComponents(ClassPathScanningCandidateComponentProvider.java:316)
	at org.springframework.context.annotation.ClassPathBeanDefinitionScanner.doScan(ClassPathBeanDefinitionScanner.java:275)
	at org.springframework.context.annotation.ComponentScanBeanDefinitionParser.parse(ComponentScanBeanDefinitionParser.java:90)
	at org.springframework.beans.factory.xml.NamespaceHandlerSupport.parse(NamespaceHandlerSupport.java:74)
	at org.springframework.beans.factory.xml.BeanDefinitionParserDelegate.parseCustomElement(BeanDefinitionParserDelegate.java:1366)
	at org.springframework.beans.factory.xml.BeanDefinitionParserDelegate.parseCustomElement(BeanDefinitionParserDelegate.java:1352)
	at org.springframework.beans.factory.xml.DefaultBeanDefinitionDocumentReader.parseBeanDefinitions(DefaultBeanDefinitionDocumentReader.java:178)
	at org.springframework.beans.factory.xml.DefaultBeanDefinitionDocumentReader.doRegisterBeanDefinitions(DefaultBeanDefinitionDocumentReader.java:148)
	at org.springframework.beans.factory.xml.DefaultBeanDefinitionDocumentReader.registerBeanDefinitions(DefaultBeanDefinitionDocumentReader.java:98)
	at org.springframework.beans.factory.xml.XmlBeanDefinitionReader.registerBeanDefinitions(XmlBeanDefinitionReader.java:507)
	at org.springframework.beans.factory.xml.XmlBeanDefinitionReader.doLoadBeanDefinitions(XmlBeanDefinitionReader.java:391)
	at org.springframework.beans.factory.xml.XmlBeanDefinitionReader.loadBeanDefinitions(XmlBeanDefinitionReader.java:335)
	at org.springframework.beans.factory.xml.XmlBeanDefinitionReader.loadBeanDefinitions(XmlBeanDefinitionReader.java:303)
	at org.springframework.beans.factory.support.AbstractBeanDefinitionReader.loadBeanDefinitions(AbstractBeanDefinitionReader.java:187)
	at org.springframework.beans.factory.support.AbstractBeanDefinitionReader.loadBeanDefinitions(AbstractBeanDefinitionReader.java:223)
	at org.springframework.beans.factory.support.AbstractBeanDefinitionReader.loadBeanDefinitions(AbstractBeanDefinitionReader.java:194)
	at org.springframework.web.context.support.XmlWebApplicationContext.loadBeanDefinitions(XmlWebApplicationContext.java:125)
	at org.springframework.web.context.support.XmlWebApplicationContext.loadBeanDefinitions(XmlWebApplicationContext.java:94)
	at org.springframework.context.support.AbstractRefreshableApplicationContext.refreshBeanFactory(AbstractRefreshableApplicationContext.java:133)
	at org.springframework.context.support.AbstractApplicationContext.obtainFreshBeanFactory(AbstractApplicationContext.java:621)
	at org.springframework.context.support.AbstractApplicationContext.refresh(AbstractApplicationContext.java:522)
	at org.springframework.web.servlet.FrameworkServlet.configureAndRefreshWebApplicationContext(FrameworkServlet.java:672)
	at org.springframework.web.servlet.FrameworkServlet.createWebApplicationContext(FrameworkServlet.java:638)
	at org.springframework.web.servlet.FrameworkServlet.createWebApplicationContext(FrameworkServlet.java:686)
	at org.springframework.web.servlet.FrameworkServlet.initWebApplicationContext(FrameworkServlet.java:554)
	at org.springframework.web.servlet.FrameworkServlet.initServletBean(FrameworkServlet.java:499)
	at org.springframework.web.servlet.HttpServletBean.init(HttpServletBean.java:172)
	at javax.servlet.GenericServlet.init(GenericServlet.java:158)
	at org.apache.catalina.core.StandardWrapper.initServlet(StandardWrapper.java:1164)
	at org.apache.catalina.core.StandardWrapper.loadServlet(StandardWrapper.java:1117)
	at org.apache.catalina.core.StandardWrapper.load(StandardWrapper.java:1010)
	at org.apache.catalina.core.StandardContext.loadOnStartup(StandardContext.java:4958)
	at org.apache.catalina.core.StandardContext.startInternal(StandardContext.java:5265)
	at org.apache.catalina.util.LifecycleBase.start(LifecycleBase.java:183)
	at org.apache.catalina.core.StandardContext.reload(StandardContext.java:3819)
	at org.apache.catalina.loader.WebappLoader.backgroundProcess(WebappLoader.java:311)
	at org.apache.catalina.core.StandardContext.backgroundProcess(StandardContext.java:5614)
	at org.apache.catalina.core.ContainerBase$ContainerBackgroundProcessor.processChildren(ContainerBase.java:1365)
	at org.apache.catalina.core.ContainerBase$ContainerBackgroundProcessor.processChildren(ContainerBase.java:1369)
	at org.apache.catalina.core.ContainerBase$ContainerBackgroundProcessor.processChildren(ContainerBase.java:1369)
	at org.apache.catalina.core.ContainerBase$ContainerBackgroundProcessor.run(ContainerBase.java:1347)
	at java.base/java.util.concurrent.Executors$RunnableAdapter.call(Executors.java:515)
	at java.base/java.util.concurrent.FutureTask.runAndReset(FutureTask.java:305)
	at java.base/java.util.concurrent.ScheduledThreadPoolExecutor$ScheduledFutureTask.run(ScheduledThreadPoolExecutor.java:305)
	at java.base/java.util.concurrent.ThreadPoolExecutor.runWorker(ThreadPoolExecutor.java:1130)
	at java.base/java.util.concurrent.ThreadPoolExecutor$Worker.run(ThreadPoolExecutor.java:630)
	at org.apache.tomcat.util.threads.TaskThread$WrappingRunnable.run(TaskThread.java:61)
	at java.base/java.lang.Thread.run(Thread.java:832)
Caused by: java.io.FileNotFoundException: D:\study-workspace\.metadata\.plugins\org.eclipse.wst.server.core\tmp1\wtpwebapps\boardstudy\WEB-INF\classes\com\study\dao\GBoardDAOImpl.class
	at org.springframework.core.io.FileSystemResource.getInputStream(FileSystemResource.java:129)
	at org.springframework.core.type.classreading.SimpleMetadataReader.<init>(SimpleMetadataReader.java:51)
	at org.springframework.core.type.classreading.SimpleMetadataReaderFactory.getMetadataReader(SimpleMetadataReaderFactory.java:103)
	at org.springframework.core.type.classreading.CachingMetadataReaderFactory.getMetadataReader(CachingMetadataReaderFactory.java:123)
	at org.springframework.context.annotation.ClassPathScanningCandidateComponentProvider.scanCandidateComponents(ClassPathScanningCandidateComponentProvider.java:430)
	... 48 common frames omitted
[2023-02-14 09:49:48:820670][http-nio-8080-exec-4] ERROR c.study.controller.MemberController - Error
[2023-02-14 12:33:35:10647049][http-nio-8080-exec-8] ERROR c.study.controller.MemberController - Error
[2023-02-14 13:33:58:14954][http-nio-8080-exec-3] ERROR c.study.controller.MemberController - Error
[2023-02-14 13:35:19:8758][http-nio-8080-exec-5] ERROR c.study.controller.MemberController - Error
[2023-02-14 14:14:52:77964][http-nio-8080-exec-16] ERROR c.study.controller.MemberController - Error
[2023-02-14 16:00:28:2869648][http-nio-8080-exec-30] ERROR c.study.controller.MemberController - Error
[2023-02-14 16:22:43:25332][http-nio-8080-exec-5] ERROR c.study.controller.MemberController - Error
[2023-02-14 16:22:52:34156][http-nio-8080-exec-4] ERROR c.study.controller.MemberController - Error
[2023-02-14 16:23:01:42840][http-nio-8080-exec-7] ERROR c.study.controller.MemberController - Error
[2023-02-14 16:23:20:62169][http-nio-8080-exec-3] ERROR c.study.controller.MemberController - Error
[2023-02-14 16:24:51:153565][http-nio-8080-exec-8] ERROR c.study.controller.MemberController - Error
[2023-02-14 16:26:38:8678][http-nio-8080-exec-5] ERROR c.study.controller.MemberController - Error
[2023-02-14 16:27:02:32905][http-nio-8080-exec-2] ERROR c.study.controller.MemberController - Error
[2023-02-14 16:27:56:8852][http-nio-8080-exec-4] ERROR c.study.controller.MemberController - Error
[2023-02-14 16:31:33:53584][http-nio-8080-exec-2] ERROR c.study.controller.MemberController - Error
[2023-02-14 16:33:09:149729][http-nio-8080-exec-20] ERROR c.study.controller.MemberController - Error
[2023-02-14 16:33:27:15233][http-nio-8080-exec-17] ERROR c.study.controller.MemberController - Error
[2023-02-14 16:34:39:45191][http-nio-8080-exec-28] ERROR c.study.controller.MemberController - Error
[2023-02-14 16:35:32:8604][http-nio-8080-exec-32] ERROR c.study.controller.MemberController - Error
[2023-02-14 16:35:51:27734][http-nio-8080-exec-19] ERROR c.study.controller.MemberController - Error
[2023-02-14 16:38:19:8548][http-nio-8080-exec-40] ERROR c.study.controller.MemberController - Error
[2023-02-14 16:39:27:46692][http-nio-8080-exec-8] ERROR c.study.controller.MemberController - Error
[2023-02-14 16:40:31:4762][http-nio-8080-exec-8] ERROR c.study.controller.MemberController - Error
[2023-02-14 16:40:43:16400][http-nio-8080-exec-2] ERROR c.study.controller.MemberController - Error
[2023-02-14 16:41:53:86691][http-nio-8080-exec-13] ERROR c.study.controller.MemberController - Error
[2023-02-14 16:42:07:8784][http-nio-8080-exec-16] ERROR c.study.controller.MemberController - Error
[2023-02-14 16:43:34:30995][http-nio-8080-exec-7] ERROR c.study.controller.MemberController - Error
[2023-02-14 16:44:26:16228][http-nio-8080-exec-9] ERROR c.study.controller.MemberController - Error
[2023-02-14 16:46:33:16122][http-nio-8080-exec-4] ERROR c.study.controller.MemberController - Error
[2023-02-14 16:47:01:43528][http-nio-8080-exec-2] ERROR c.study.controller.MemberController - Error
[2023-02-14 16:51:35:29959][http-nio-8080-exec-7] ERROR c.study.controller.MemberController - Error
[2023-02-14 16:51:40:35104][http-nio-8080-exec-10] ERROR c.study.controller.MemberController - Error
[2023-02-14 16:53:40:12342][http-nio-8080-exec-3] ERROR c.study.controller.MemberController - Error
[2023-02-14 16:53:45:17369][http-nio-8080-exec-5] ERROR c.study.controller.MemberController - Error
[2023-02-14 16:53:53:25411][http-nio-8080-exec-9] ERROR c.study.controller.MemberController - Error
[2023-02-14 16:54:52:84507][http-nio-8080-exec-7] ERROR c.study.controller.MemberController - Error
[2023-02-14 16:55:03:7768][http-nio-8080-exec-9] ERROR c.study.controller.MemberController - Error
[2023-02-14 16:55:07:12250][http-nio-8080-exec-3] ERROR c.study.controller.MemberController - Error
[2023-02-14 16:55:12:17481][http-nio-8080-exec-6] ERROR c.study.controller.MemberController - Error
[2023-02-14 16:55:52:9290][http-nio-8080-exec-5] ERROR c.study.controller.MemberController - Error
[2023-02-14 16:56:00:17559][http-nio-8080-exec-7] ERROR c.study.controller.MemberController - Error
[2023-02-14 16:56:04:22056][http-nio-8080-exec-9] ERROR c.study.controller.MemberController - Error
[2023-02-14 16:57:50:9132][http-nio-8080-exec-6] ERROR c.study.controller.MemberController - Error
[2023-02-14 16:57:55:14110][http-nio-8080-exec-7] ERROR c.study.controller.MemberController - Error
[2023-02-14 16:58:00:18913][http-nio-8080-exec-8] ERROR c.study.controller.MemberController - Error
[2023-02-14 17:00:05:17568][http-nio-8080-exec-5] ERROR c.study.controller.MemberController - Error
[2023-02-14 17:00:13:25444][http-nio-8080-exec-1] ERROR c.study.controller.MemberController - Error
[2023-02-14 17:00:21:33676][http-nio-8080-exec-2] ERROR c.study.controller.MemberController - Error
[2023-02-14 17:00:26:38739][http-nio-8080-exec-4] ERROR c.study.controller.MemberController - Error
[2023-02-14 17:03:15:26306][http-nio-8080-exec-5] ERROR c.study.controller.MemberController - Error
