[2023-02-20 08:29:12:195334][http-nio-8080-exec-8] ERROR c.study.controller.MemberController - Error
[2023-02-20 11:23:47:749832][http-nio-8080-exec-44] ERROR c.study.controller.MemberController - Error
[2023-02-20 11:23:52:754271][http-nio-8080-exec-46] ERROR c.study.controller.MemberController - Error
[2023-02-20 12:31:51:4833265][http-nio-8080-exec-41] ERROR c.study.controller.MemberController - Error
[2023-02-20 13:20:50:818439][http-nio-8080-exec-74] ERROR c.study.controller.MemberController - Error
[2023-02-20 13:24:06:13516][http-nio-8080-exec-7] ERROR c.study.controller.MemberController - Error
[2023-02-20 13:49:44:101751][http-nio-8080-exec-2] ERROR c.study.controller.MemberController - Error
[2023-02-20 13:51:59:23242][http-nio-8080-exec-5] ERROR c.study.controller.MemberController - Error
[2023-02-20 14:11:58:24643][http-nio-8080-exec-1] ERROR c.study.controller.MemberController - Error
[2023-02-20 14:17:15:15865][http-nio-8080-exec-6] ERROR c.study.controller.MemberController - Error
[2023-02-20 14:17:19:20167][http-nio-8080-exec-7] ERROR c.study.controller.MemberController - Error
[2023-02-20 14:17:33:34374][http-nio-8080-exec-8] ERROR c.study.controller.MemberController - Error
[2023-02-20 14:17:49:49629][http-nio-8080-exec-5] ERROR c.study.controller.MemberController - Error
[2023-02-20 14:18:13:74460][http-nio-8080-exec-9] ERROR c.study.controller.MemberController - Error
[2023-02-20 15:18:55:3361][Catalina-utility-2] ERROR o.s.web.servlet.DispatcherServlet - Context initialization failed
org.springframework.beans.factory.UnsatisfiedDependencyException: Error creating bean with name 'galleryBoardController': Unsatisfied dependency expressed through field 'gboardservice'; nested exception is org.springframework.beans.factory.BeanCreationException: Error creating bean with name 'GBoardServiceImpl' defined in file [D:\study-workspace\.metadata\.plugins\org.eclipse.wst.server.core\tmp1\wtpwebapps\boardstudy\WEB-INF\classes\com\study\service\GBoardServiceImpl.class]: Instantiation of bean failed; nested exception is org.springframework.beans.BeanInstantiationException: Failed to instantiate [com.study.service.GBoardServiceImpl]: Constructor threw exception; nested exception is java.lang.Error: Unresolved compilation problems: 
	Syntax error on token "else", delete this token
	Syntax error on token "else", { expected
	Syntax error on tokens, ConstructorHeaderName expected instead
	result cannot be resolved to a variable
	Syntax error on token "}", delete this token
	Syntax error on token "selectGelleryList", AnnotationName expected after this token

	at org.springframework.beans.factory.annotation.AutowiredAnnotationBeanPostProcessor$AutowiredFieldElement.inject(AutowiredAnnotationBeanPostProcessor.java:587)
	at org.springframework.beans.factory.annotation.InjectionMetadata.inject(InjectionMetadata.java:91)
	at org.springframework.beans.factory.annotation.AutowiredAnnotationBeanPostProcessor.postProcessPropertyValues(AutowiredAnnotationBeanPostProcessor.java:373)
	at org.springframework.beans.factory.support.AbstractAutowireCapableBeanFactory.populateBean(AbstractAutowireCapableBeanFactory.java:1350)
	at org.springframework.beans.factory.support.AbstractAutowireCapableBeanFactory.doCreateBean(AbstractAutowireCapableBeanFactory.java:580)
	at org.springframework.beans.factory.support.AbstractAutowireCapableBeanFactory.createBean(AbstractAutowireCapableBeanFactory.java:503)
	at org.springframework.beans.factory.support.AbstractBeanFactory.lambda$doGetBean$0(AbstractBeanFactory.java:317)
	at org.springframework.beans.factory.support.DefaultSingletonBeanRegistry.getSingleton(DefaultSingletonBeanRegistry.java:222)
	at org.springframework.beans.factory.support.AbstractBeanFactory.doGetBean(AbstractBeanFactory.java:315)
	at org.springframework.beans.factory.support.AbstractBeanFactory.getBean(AbstractBeanFactory.java:199)
	at org.springframework.beans.factory.support.DefaultListableBeanFactory.preInstantiateSingletons(DefaultListableBeanFactory.java:760)
	at org.springframework.context.support.AbstractApplicationContext.finishBeanFactoryInitialization(AbstractApplicationContext.java:869)
	at org.springframework.context.support.AbstractApplicationContext.refresh(AbstractApplicationContext.java:550)
	at org.springframework.web.servlet.FrameworkServlet.configureAndRefreshWebApplicationContext(FrameworkServlet.java:672)
	at org.springframework.web.servlet.FrameworkServlet.createWebApplicationContext(FrameworkServlet.java:638)
	at org.springframework.web.servlet.FrameworkServlet.createWebApplicationContext(FrameworkServlet.java:686)
	at org.springframework.web.servlet.FrameworkServlet.initWebApplicationContext(FrameworkServlet.java:554)
	at org.springframework.web.servlet.FrameworkServlet.initServletBean(FrameworkServlet.java:499)
	at org.springframework.web.servlet.HttpServletBean.init(HttpServletBean.java:172)
	at javax.servlet.GenericServlet.init(GenericServlet.java:158)
	at org.apache.catalina.core.StandardWrapper.initServlet(StandardWrapper.java:1164)
	at org.apache.catalina.core.StandardWrapper.loadServlet(StandardWrapper.java:1117)
	at org.apache.catalina.core.StandardWrapper.load(StandardWrapper.java:1010)
	at org.apache.catalina.core.StandardContext.loadOnStartup(StandardContext.java:4958)
	at org.apache.catalina.core.StandardContext.startInternal(StandardContext.java:5265)
	at org.apache.catalina.util.LifecycleBase.start(LifecycleBase.java:183)
	at org.apache.catalina.core.StandardContext.reload(StandardContext.java:3819)
	at org.apache.catalina.loader.WebappLoader.backgroundProcess(WebappLoader.java:311)
	at org.apache.catalina.core.StandardContext.backgroundProcess(StandardContext.java:5614)
	at org.apache.catalina.core.ContainerBase$ContainerBackgroundProcessor.processChildren(ContainerBase.java:1365)
	at org.apache.catalina.core.ContainerBase$ContainerBackgroundProcessor.processChildren(ContainerBase.java:1369)
	at org.apache.catalina.core.ContainerBase$ContainerBackgroundProcessor.processChildren(ContainerBase.java:1369)
	at org.apache.catalina.core.ContainerBase$ContainerBackgroundProcessor.run(ContainerBase.java:1347)
	at java.base/java.util.concurrent.Executors$RunnableAdapter.call(Executors.java:515)
	at java.base/java.util.concurrent.FutureTask.runAndReset(FutureTask.java:305)
	at java.base/java.util.concurrent.ScheduledThreadPoolExecutor$ScheduledFutureTask.run(ScheduledThreadPoolExecutor.java:305)
	at java.base/java.util.concurrent.ThreadPoolExecutor.runWorker(ThreadPoolExecutor.java:1130)
	at java.base/java.util.concurrent.ThreadPoolExecutor$Worker.run(ThreadPoolExecutor.java:630)
	at org.apache.tomcat.util.threads.TaskThread$WrappingRunnable.run(TaskThread.java:61)
	at java.base/java.lang.Thread.run(Thread.java:832)
Caused by: org.springframework.beans.factory.BeanCreationException: Error creating bean with name 'GBoardServiceImpl' defined in file [D:\study-workspace\.metadata\.plugins\org.eclipse.wst.server.core\tmp1\wtpwebapps\boardstudy\WEB-INF\classes\com\study\service\GBoardServiceImpl.class]: Instantiation of bean failed; nested exception is org.springframework.beans.BeanInstantiationException: Failed to instantiate [com.study.service.GBoardServiceImpl]: Constructor threw exception; nested exception is java.lang.Error: Unresolved compilation problems: 
	Syntax error on token "else", delete this token
	Syntax error on token "else", { expected
	Syntax error on tokens, ConstructorHeaderName expected instead
	result cannot be resolved to a variable
	Syntax error on token "}", delete this token
	Syntax error on token "selectGelleryList", AnnotationName expected after this token

	at org.springframework.beans.factory.support.AbstractAutowireCapableBeanFactory.instantiateBean(AbstractAutowireCapableBeanFactory.java:1238)
	at org.springframework.beans.factory.support.AbstractAutowireCapableBeanFactory.createBeanInstance(AbstractAutowireCapableBeanFactory.java:1137)
	at org.springframework.beans.factory.support.AbstractAutowireCapableBeanFactory.doCreateBean(AbstractAutowireCapableBeanFactory.java:543)
	at org.springframework.beans.factory.support.AbstractAutowireCapableBeanFactory.createBean(AbstractAutowireCapableBeanFactory.java:503)
	at org.springframework.beans.factory.support.AbstractBeanFactory.lambda$doGetBean$0(AbstractBeanFactory.java:317)
	at org.springframework.beans.factory.support.DefaultSingletonBeanRegistry.getSingleton(DefaultSingletonBeanRegistry.java:222)
	at org.springframework.beans.factory.support.AbstractBeanFactory.doGetBean(AbstractBeanFactory.java:315)
	at org.springframework.beans.factory.support.AbstractBeanFactory.getBean(AbstractBeanFactory.java:199)
	at org.springframework.beans.factory.config.DependencyDescriptor.resolveCandidate(DependencyDescriptor.java:251)
	at org.springframework.beans.factory.support.DefaultListableBeanFactory.doResolveDependency(DefaultListableBeanFactory.java:1138)
	at org.springframework.beans.factory.support.DefaultListableBeanFactory.resolveDependency(DefaultListableBeanFactory.java:1065)
	at org.springframework.beans.factory.annotation.AutowiredAnnotationBeanPostProcessor$AutowiredFieldElement.inject(AutowiredAnnotationBeanPostProcessor.java:584)
	... 39 common frames omitted
Caused by: org.springframework.beans.BeanInstantiationException: Failed to instantiate [com.study.service.GBoardServiceImpl]: Constructor threw exception; nested exception is java.lang.Error: Unresolved compilation problems: 
	Syntax error on token "else", delete this token
	Syntax error on token "else", { expected
	Syntax error on tokens, ConstructorHeaderName expected instead
	result cannot be resolved to a variable
	Syntax error on token "}", delete this token
	Syntax error on token "selectGelleryList", AnnotationName expected after this token

	at org.springframework.beans.BeanUtils.instantiateClass(BeanUtils.java:182)
	at org.springframework.beans.factory.support.SimpleInstantiationStrategy.instantiate(SimpleInstantiationStrategy.java:87)
	at org.springframework.beans.factory.support.AbstractAutowireCapableBeanFactory.instantiateBean(AbstractAutowireCapableBeanFactory.java:1230)
	... 50 common frames omitted
Caused by: java.lang.Error: Unresolved compilation problems: 
	Syntax error on token "else", delete this token
	Syntax error on token "else", { expected
	Syntax error on tokens, ConstructorHeaderName expected instead
	result cannot be resolved to a variable
	Syntax error on token "}", delete this token
	Syntax error on token "selectGelleryList", AnnotationName expected after this token

	at com.study.service.GBoardServiceImpl.<init>(GBoardServiceImpl.java:66)
	at java.base/jdk.internal.reflect.NativeConstructorAccessorImpl.newInstance0(Native Method)
	at java.base/jdk.internal.reflect.NativeConstructorAccessorImpl.newInstance(NativeConstructorAccessorImpl.java:64)
	at java.base/jdk.internal.reflect.DelegatingConstructorAccessorImpl.newInstance(DelegatingConstructorAccessorImpl.java:45)
	at java.base/java.lang.reflect.Constructor.newInstanceWithCaller(Constructor.java:500)
	at java.base/java.lang.reflect.Constructor.newInstance(Constructor.java:481)
	at org.springframework.beans.BeanUtils.instantiateClass(BeanUtils.java:170)
	... 52 common frames omitted
[2023-02-20 15:24:01:14577][http-nio-8080-exec-4] ERROR c.study.controller.MemberController - Error
[2023-02-20 16:03:15:723251][http-nio-8080-exec-25] ERROR c.study.controller.MemberController - Error
[2023-02-20 16:18:01:10057][http-nio-8080-exec-6] ERROR c.study.controller.MemberController - Error
